<?xml version="1.0" encoding="UTF-8"?>
<!-- Generated by org.testng.reporters.JUnitXMLReporter -->
<testsuite ignored="3" hostname="DESKTOP-3LQC5PV" failures="1" tests="6" name="Test" time="0.071" errors="0" timestamp="2023-09-04T00:20:44 IST">
  <testcase classname="day40.LoginTests" name="loginByEmail" time="0.007"/>
  <testcase classname="day40.LoginTests" name="loginByfacebook" time="0.004">
    <failure type="java.lang.AssertionError" message="null">
      <![CDATA[java.lang.AssertionError: null
at day40.LoginTests.loginByfacebook(LoginTests.java:18)
at java.base/java.util.ArrayList.forEach(ArrayList.java:1511)
... Removed 29 stack frames]]>
    </failure>
  </testcase> <!-- loginByfacebook -->
  <testcase classname="day40.LoginTests" name="loginBytwitter" time="0.001"/>
  <testcase classname="day40.PaymentTests" name="paymentindollar" time="0.002"/>
  <testcase classname="day40.PaymentTests" name="paymentinrupees" time="0.001"/>
  <testcase classname="day40.SignUpTests" name="signupbyemail" time="0.0"/>
  <testcase classname="day40.PaymentTests" name="paymentReturnbyBank" time="0.0">
    <ignored/>
  </testcase> <!-- paymentReturnbyBank -->
  <testcase classname="day40.SignUpTests" name="loginBytwitter" time="0.0">
    <ignored/>
  </testcase> <!-- loginBytwitter -->
  <testcase classname="day40.SignUpTests" name="signupbyfacebook" time="0.0">
    <ignored/>
  </testcase> <!-- signupbyfacebook -->
</testsuite> <!-- Test -->
